<?xml version="1.0" encoding="UTF-8"?>
<testng-results ignored="0" total="1" passed="1" failed="0" skipped="0">
  <reporter-output>
    <line>
      <![CDATA[Default test started]]>
    </line>
    <line>
      <![CDATA[Sign in Page is Displayed,PASS]]>
    </line>
    <line>
      <![CDATA[validLoginTest method started]]>
    </line>
    <line>
      <![CDATA[Lexnod Home page is Displayed,PASS]]>
    </line>
    <line>
      <![CDATA[validLoginTest method PASSED]]>
    </line>
  </reporter-output>
  <suite started-at="2022-05-31T16:38:30 IST" name="Default suite" finished-at="2022-05-31T16:41:28 IST" duration-ms="178138">
    <groups>
    </groups>
    <test started-at="2022-05-31T16:38:30 IST" name="Default test" finished-at="2022-05-31T16:41:28 IST" duration-ms="178138">
      <class name="com.lexnod.login.ValidLogin">
        <test-method is-config="true" signature="openBrowser()[pri:0, instance:com.lexnod.login.ValidLogin@130c12b7]" started-at="2022-05-31T16:38:30 IST" name="openBrowser" finished-at="2022-05-31T16:39:03 IST" duration-ms="33073" status="PASS">
          <reporter-output>
            <line>
              <![CDATA[Sign in Page is Displayed,PASS]]>
            </line>
          </reporter-output>
        </test-method> <!-- openBrowser -->
        <test-method signature="validLoginTest()[pri:0, instance:com.lexnod.login.ValidLogin@130c12b7]" started-at="2022-05-31T16:39:03 IST" name="validLoginTest" finished-at="2022-05-31T16:41:26 IST" duration-ms="142565" status="PASS">
          <reporter-output>
            <line>
              <![CDATA[validLoginTest method started]]>
            </line>
            <line>
              <![CDATA[Lexnod Home page is Displayed,PASS]]>
            </line>
            <line>
              <![CDATA[validLoginTest method PASSED]]>
            </line>
          </reporter-output>
        </test-method> <!-- validLoginTest -->
        <test-method is-config="true" signature="closeBrowser()[pri:0, instance:com.lexnod.login.ValidLogin@130c12b7]" started-at="2022-05-31T16:41:26 IST" name="closeBrowser" finished-at="2022-05-31T16:41:28 IST" duration-ms="2403" status="PASS">
          <reporter-output>
          </reporter-output>
        </test-method> <!-- closeBrowser -->
      </class> <!-- com.lexnod.login.ValidLogin -->
    </test> <!-- Default test -->
  </suite> <!-- Default suite -->
</testng-results>
